Temp/gradleOut/launcher/build/intermediates/manifest_merge_blame_file/release/manifest-merger-blame-release-report.txt
1<?xml version="1.0" encoding="utf-8"?>
2<!-- GENERATED BY UNITY. REMOVE THIS COMMENT TO PREVENT OVERWRITING WHEN EXPORTING AGAIN -->
3<manifest xmlns:android="http://schemas.android.com/apk/res/android"
4    package="com.Nox.UnityTesseract"
5    android:installLocation="preferExternal"
6    android:versionCode="1"
7    android:versionName="0.1" >
8
9    <uses-sdk
10        android:minSdkVersion="23"
10-->src/main/AndroidManifest.xml
11        android:targetSdkVersion="30" />
11-->src/main/AndroidManifest.xml
12
13    <supports-screens
13-->src/main/AndroidManifest.xml:4:3-163
14        android:anyDensity="true"
14-->src/main/AndroidManifest.xml:4:135-160
15        android:largeScreens="true"
15-->src/main/AndroidManifest.xml:4:78-105
16        android:normalScreens="true"
16-->src/main/AndroidManifest.xml:4:49-77
17        android:smallScreens="true"
17-->src/main/AndroidManifest.xml:4:21-48
18        android:xlargeScreens="true" />
18-->src/main/AndroidManifest.xml:4:106-134
19
20    <uses-feature android:glEsVersion="0x00020000" />
20-->[:unityLibrary] AndroidManifest.xml:13:5-54
20-->[:unityLibrary] AndroidManifest.xml:13:19-51
21
22    <uses-permission android:name="android.permission.INTERNET" />
22-->[:unityLibrary] AndroidManifest.xml:15:5-67
22-->[:unityLibrary] AndroidManifest.xml:15:22-64
23    <uses-permission android:name="android.permission.CAMERA" />
23-->[:unityLibrary] AndroidManifest.xml:16:5-65
23-->[:unityLibrary] AndroidManifest.xml:16:22-62
24
25    <uses-feature
25-->[:unityLibrary] AndroidManifest.xml:18:5-20:36
26        android:name="android.hardware.camera"
26-->[:unityLibrary] AndroidManifest.xml:19:9-47
27        android:required="false" />
27-->[:unityLibrary] AndroidManifest.xml:20:9-33
28    <uses-feature
28-->[:unityLibrary] AndroidManifest.xml:21:5-23:36
29        android:name="android.hardware.camera.autofocus"
29-->[:unityLibrary] AndroidManifest.xml:22:9-57
30        android:required="false" />
30-->[:unityLibrary] AndroidManifest.xml:23:9-33
31    <uses-feature
31-->[:unityLibrary] AndroidManifest.xml:24:5-26:36
32        android:name="android.hardware.camera.front"
32-->[:unityLibrary] AndroidManifest.xml:25:9-53
33        android:required="false" />
33-->[:unityLibrary] AndroidManifest.xml:26:9-33
34    <uses-feature
34-->[:unityLibrary] AndroidManifest.xml:27:5-29:36
35        android:name="android.hardware.touchscreen"
35-->[:unityLibrary] AndroidManifest.xml:28:9-52
36        android:required="false" />
36-->[:unityLibrary] AndroidManifest.xml:29:9-33
37    <uses-feature
37-->[:unityLibrary] AndroidManifest.xml:30:5-32:36
38        android:name="android.hardware.touchscreen.multitouch"
38-->[:unityLibrary] AndroidManifest.xml:31:9-63
39        android:required="false" />
39-->[:unityLibrary] AndroidManifest.xml:32:9-33
40    <uses-feature
40-->[:unityLibrary] AndroidManifest.xml:33:5-35:36
41        android:name="android.hardware.touchscreen.multitouch.distinct"
41-->[:unityLibrary] AndroidManifest.xml:34:9-72
42        android:required="false" />
42-->[:unityLibrary] AndroidManifest.xml:35:9-33
43
44    <uses-permission android:name="android.permission.READ_EXTERNAL_STORAGE" />
44-->[:NativeGallery:] AndroidManifest.xml:4:2-98
44-->[:NativeGallery:] AndroidManifest.xml:4:19-74
45    <uses-permission android:name="android.permission.ACCESS_NETWORK_STATE" />
45-->[:UnityAds:] AndroidManifest.xml:9:5-79
45-->[:UnityAds:] AndroidManifest.xml:9:22-76
46    <uses-permission android:name="com.android.vending.BILLING" />
46-->[:billing-3.0.3:] AndroidManifest.xml:10:5-67
46-->[:billing-3.0.3:] AndroidManifest.xml:10:22-64
47
48    <application
48-->src/main/AndroidManifest.xml:5:3-154
49        android:appComponentFactory="androidx.core.app.CoreComponentFactory"
49-->[androidx.core:core:1.2.0] AndroidManifest.xml:24:18-86
50        android:banner="@drawable/app_banner"
50-->src/main/AndroidManifest.xml:5:114-151
51        android:extractNativeLibs="true"
51-->src/main/AndroidManifest.xml:5:16-48
52        android:icon="@mipmap/app_icon"
52-->src/main/AndroidManifest.xml:5:82-113
53        android:isGame="true"
53-->[:unityLibrary] AndroidManifest.xml:37:18-39
54        android:label="@string/app_name"
54-->src/main/AndroidManifest.xml:5:49-81
55        android:requestLegacyExternalStorage="true" >
55-->[:NativeGallery:] AndroidManifest.xml:5:15-58
56        <activity
56-->[:unityLibrary] AndroidManifest.xml:38:9-56:20
57            android:name="com.unity3d.player.UnityPlayerActivity"
57-->[:unityLibrary] AndroidManifest.xml:39:13-66
58            android:configChanges="mcc|mnc|locale|touchscreen|keyboard|keyboardHidden|navigation|orientation|screenLayout|uiMode|screenSize|smallestScreenSize|fontScale|layoutDirection|density"
58-->[:unityLibrary] AndroidManifest.xml:40:13-194
59            android:hardwareAccelerated="false"
59-->[:unityLibrary] AndroidManifest.xml:41:13-48
60            android:launchMode="singleTask"
60-->[:unityLibrary] AndroidManifest.xml:42:13-44
61            android:resizeableActivity="false"
61-->[:unityLibrary] AndroidManifest.xml:43:13-47
62            android:screenOrientation="fullSensor"
62-->[:unityLibrary] AndroidManifest.xml:44:13-51
63            android:theme="@style/UnityThemeSelector" >
63-->[:unityLibrary] AndroidManifest.xml:45:13-54
64            <intent-filter>
64-->[:unityLibrary] AndroidManifest.xml:46:13-51:29
65                <action android:name="android.intent.action.MAIN" />
65-->[:unityLibrary] AndroidManifest.xml:47:17-69
65-->[:unityLibrary] AndroidManifest.xml:47:25-66
66
67                <category android:name="android.intent.category.LAUNCHER" />
67-->[:unityLibrary] AndroidManifest.xml:49:17-77
67-->[:unityLibrary] AndroidManifest.xml:49:27-74
68                <category android:name="android.intent.category.LEANBACK_LAUNCHER" />
68-->[:unityLibrary] AndroidManifest.xml:50:17-86
68-->[:unityLibrary] AndroidManifest.xml:50:27-83
69            </intent-filter>
70
71            <meta-data
71-->[:unityLibrary] AndroidManifest.xml:53:13-55:40
72                android:name="unityplayer.UnityActivity"
72-->[:unityLibrary] AndroidManifest.xml:54:17-57
73                android:value="true" />
73-->[:unityLibrary] AndroidManifest.xml:55:17-37
74        </activity>
75
76        <meta-data
76-->[:unityLibrary] AndroidManifest.xml:58:9-60:33
77            android:name="unity.splash-mode"
77-->[:unityLibrary] AndroidManifest.xml:59:13-45
78            android:value="0" />
78-->[:unityLibrary] AndroidManifest.xml:60:13-30
79        <meta-data
79-->[:unityLibrary] AndroidManifest.xml:61:9-63:36
80            android:name="unity.splash-enable"
80-->[:unityLibrary] AndroidManifest.xml:62:13-47
81            android:value="True" />
81-->[:unityLibrary] AndroidManifest.xml:63:13-33
82        <meta-data
82-->[:unityLibrary] AndroidManifest.xml:64:9-66:37
83            android:name="unity.allow-resizable-window"
83-->[:unityLibrary] AndroidManifest.xml:65:13-56
84            android:value="False" />
84-->[:unityLibrary] AndroidManifest.xml:66:13-34
85        <meta-data
85-->[:unityLibrary] AndroidManifest.xml:67:9-69:68
86            android:name="unity.build-id"
86-->[:unityLibrary] AndroidManifest.xml:68:13-42
87            android:value="59cd9014-9f6e-41d3-8b1e-52186ea8aac2" />
87-->[:unityLibrary] AndroidManifest.xml:69:13-65
88
89        <activity
89-->[:UnityAds:] AndroidManifest.xml:13:9-17:74
90            android:name="com.unity3d.services.ads.adunit.AdUnitActivity"
90-->[:UnityAds:] AndroidManifest.xml:14:13-74
91            android:configChanges="fontScale|keyboard|keyboardHidden|locale|mnc|mcc|navigation|orientation|screenLayout|screenSize|smallestScreenSize|uiMode|touchscreen"
91-->[:UnityAds:] AndroidManifest.xml:15:13-170
92            android:hardwareAccelerated="true"
92-->[:UnityAds:] AndroidManifest.xml:16:13-47
93            android:theme="@android:style/Theme.NoTitleBar.Fullscreen" />
93-->[:UnityAds:] AndroidManifest.xml:17:13-71
94        <activity
94-->[:UnityAds:] AndroidManifest.xml:18:9-22:86
95            android:name="com.unity3d.services.ads.adunit.AdUnitTransparentActivity"
95-->[:UnityAds:] AndroidManifest.xml:19:13-85
96            android:configChanges="fontScale|keyboard|keyboardHidden|locale|mnc|mcc|navigation|orientation|screenLayout|screenSize|smallestScreenSize|uiMode|touchscreen"
96-->[:UnityAds:] AndroidManifest.xml:20:13-170
97            android:hardwareAccelerated="true"
97-->[:UnityAds:] AndroidManifest.xml:21:13-47
98            android:theme="@android:style/Theme.Translucent.NoTitleBar.Fullscreen" />
98-->[:UnityAds:] AndroidManifest.xml:22:13-83
99        <activity
99-->[:UnityAds:] AndroidManifest.xml:23:9-27:86
100            android:name="com.unity3d.services.ads.adunit.AdUnitTransparentSoftwareActivity"
100-->[:UnityAds:] AndroidManifest.xml:24:13-93
101            android:configChanges="fontScale|keyboard|keyboardHidden|locale|mnc|mcc|navigation|orientation|screenLayout|screenSize|smallestScreenSize|uiMode|touchscreen"
101-->[:UnityAds:] AndroidManifest.xml:25:13-170
102            android:hardwareAccelerated="false"
102-->[:UnityAds:] AndroidManifest.xml:26:13-48
103            android:theme="@android:style/Theme.Translucent.NoTitleBar.Fullscreen" />
103-->[:UnityAds:] AndroidManifest.xml:27:13-83
104        <activity
104-->[:UnityAds:] AndroidManifest.xml:28:9-32:74
105            android:name="com.unity3d.services.ads.adunit.AdUnitSoftwareActivity"
105-->[:UnityAds:] AndroidManifest.xml:29:13-82
106            android:configChanges="fontScale|keyboard|keyboardHidden|locale|mnc|mcc|navigation|orientation|screenLayout|screenSize|smallestScreenSize|uiMode|touchscreen"
106-->[:UnityAds:] AndroidManifest.xml:30:13-170
107            android:hardwareAccelerated="false"
107-->[:UnityAds:] AndroidManifest.xml:31:13-48
108            android:theme="@android:style/Theme.NoTitleBar.Fullscreen" />
108-->[:UnityAds:] AndroidManifest.xml:32:13-71
109
110        <meta-data
110-->[:billing-3.0.3:] AndroidManifest.xml:13:9-15:37
111            android:name="com.google.android.play.billingclient.version"
111-->[:billing-3.0.3:] AndroidManifest.xml:14:13-73
112            android:value="3.0.3" />
112-->[:billing-3.0.3:] AndroidManifest.xml:15:13-34
113
114        <activity
114-->[:billing-3.0.3:] AndroidManifest.xml:17:9-21:75
115            android:name="com.android.billingclient.api.ProxyBillingActivity"
115-->[:billing-3.0.3:] AndroidManifest.xml:18:13-78
116            android:configChanges="keyboard|keyboardHidden|screenLayout|screenSize|orientation"
116-->[:billing-3.0.3:] AndroidManifest.xml:19:13-96
117            android:exported="false"
117-->[:billing-3.0.3:] AndroidManifest.xml:20:13-37
118            android:theme="@android:style/Theme.Translucent.NoTitleBar" />
118-->[:billing-3.0.3:] AndroidManifest.xml:21:13-72
119
120        <service
120-->[com.google.android.gms:play-services-mlkit-text-recognition-common:16.1.0] AndroidManifest.xml:9:9-15:19
121            android:name="com.google.mlkit.common.internal.MlKitComponentDiscoveryService"
121-->[com.google.android.gms:play-services-mlkit-text-recognition-common:16.1.0] AndroidManifest.xml:10:13-91
122            android:directBootAware="true"
122-->[com.google.mlkit:common:17.5.0] AndroidManifest.xml:17:13-43
123            android:exported="false" >
123-->[com.google.android.gms:play-services-mlkit-text-recognition-common:16.1.0] AndroidManifest.xml:11:13-37
124            <meta-data
124-->[com.google.android.gms:play-services-mlkit-text-recognition-common:16.1.0] AndroidManifest.xml:12:13-14:85
125                android:name="com.google.firebase.components:com.google.mlkit.vision.text.internal.TextRegistrar"
125-->[com.google.android.gms:play-services-mlkit-text-recognition-common:16.1.0] AndroidManifest.xml:13:17-114
126                android:value="com.google.firebase.components.ComponentRegistrar" />
126-->[com.google.android.gms:play-services-mlkit-text-recognition-common:16.1.0] AndroidManifest.xml:14:17-82
127            <meta-data
127-->[com.google.mlkit:vision-common:16.7.0] AndroidManifest.xml:12:13-14:85
128                android:name="com.google.firebase.components:com.google.mlkit.vision.common.internal.VisionCommonRegistrar"
128-->[com.google.mlkit:vision-common:16.7.0] AndroidManifest.xml:13:17-124
129                android:value="com.google.firebase.components.ComponentRegistrar" />
129-->[com.google.mlkit:vision-common:16.7.0] AndroidManifest.xml:14:17-82
130            <meta-data
130-->[com.google.mlkit:common:17.5.0] AndroidManifest.xml:20:13-22:85
131                android:name="com.google.firebase.components:com.google.mlkit.common.internal.CommonComponentRegistrar"
131-->[com.google.mlkit:common:17.5.0] AndroidManifest.xml:21:17-120
132                android:value="com.google.firebase.components.ComponentRegistrar" />
132-->[com.google.mlkit:common:17.5.0] AndroidManifest.xml:22:17-82
133        </service>
134
135        <provider
135-->[com.google.mlkit:common:17.5.0] AndroidManifest.xml:9:9-13:38
136            android:name="com.google.mlkit.common.internal.MlKitInitProvider"
136-->[com.google.mlkit:common:17.5.0] AndroidManifest.xml:10:13-78
137            android:authorities="com.Nox.UnityTesseract.mlkitinitprovider"
137-->[com.google.mlkit:common:17.5.0] AndroidManifest.xml:11:13-69
138            android:exported="false"
138-->[com.google.mlkit:common:17.5.0] AndroidManifest.xml:12:13-37
139            android:initOrder="99" />
139-->[com.google.mlkit:common:17.5.0] AndroidManifest.xml:13:13-35
140
141        <activity
141-->[com.google.android.gms:play-services-base:17.6.0] AndroidManifest.xml:23:9-26:75
142            android:name="com.google.android.gms.common.api.GoogleApiActivity"
142-->[com.google.android.gms:play-services-base:17.6.0] AndroidManifest.xml:24:13-79
143            android:exported="false"
143-->[com.google.android.gms:play-services-base:17.6.0] AndroidManifest.xml:25:13-37
144            android:theme="@android:style/Theme.Translucent.NoTitleBar" />
144-->[com.google.android.gms:play-services-base:17.6.0] AndroidManifest.xml:26:13-72
145
146        <meta-data
146-->[com.google.android.gms:play-services-basement:17.6.0] AndroidManifest.xml:23:9-25:69
147            android:name="com.google.android.gms.version"
147-->[com.google.android.gms:play-services-basement:17.6.0] AndroidManifest.xml:24:13-58
148            android:value="@integer/google_play_services_version" />
148-->[com.google.android.gms:play-services-basement:17.6.0] AndroidManifest.xml:25:13-66
149
150        <service
150-->[com.google.android.datatransport:transport-backend-cct:2.3.3] AndroidManifest.xml:29:9-35:19
151            android:name="com.google.android.datatransport.runtime.backends.TransportBackendDiscovery"
151-->[com.google.android.datatransport:transport-backend-cct:2.3.3] AndroidManifest.xml:30:13-103
152            android:exported="false" >
152-->[com.google.android.datatransport:transport-backend-cct:2.3.3] AndroidManifest.xml:31:13-37
153            <meta-data
153-->[com.google.android.datatransport:transport-backend-cct:2.3.3] AndroidManifest.xml:32:13-34:39
154                android:name="backend:com.google.android.datatransport.cct.CctBackendFactory"
154-->[com.google.android.datatransport:transport-backend-cct:2.3.3] AndroidManifest.xml:33:17-94
155                android:value="cct" />
155-->[com.google.android.datatransport:transport-backend-cct:2.3.3] AndroidManifest.xml:34:17-36
156        </service>
157        <service
157-->[com.google.android.datatransport:transport-runtime:2.2.6] AndroidManifest.xml:26:9-30:19
158            android:name="com.google.android.datatransport.runtime.scheduling.jobscheduling.JobInfoSchedulerService"
158-->[com.google.android.datatransport:transport-runtime:2.2.6] AndroidManifest.xml:27:13-117
159            android:exported="false"
159-->[com.google.android.datatransport:transport-runtime:2.2.6] AndroidManifest.xml:28:13-37
160            android:permission="android.permission.BIND_JOB_SERVICE" >
160-->[com.google.android.datatransport:transport-runtime:2.2.6] AndroidManifest.xml:29:13-69
161        </service>
162
163        <receiver
163-->[com.google.android.datatransport:transport-runtime:2.2.6] AndroidManifest.xml:32:9-34:40
164            android:name="com.google.android.datatransport.runtime.scheduling.jobscheduling.AlarmManagerSchedulerBroadcastReceiver"
164-->[com.google.android.datatransport:transport-runtime:2.2.6] AndroidManifest.xml:33:13-132
165            android:exported="false" />
165-->[com.google.android.datatransport:transport-runtime:2.2.6] AndroidManifest.xml:34:13-37
166    </application>
167
168</manifest>